#
# There is insufficient memory for the Java Runtime Environment to continue.
# Native memory allocation (mmap) failed to map 131596288 bytes for committing reserved memory.
# Possible reasons:
#   The system is out of physical RAM or swap space
#   The process is running with CompressedOops enabled, and the Java Heap may be blocking the growth of the native heap
# Possible solutions:
#   Reduce memory load on the system
#   Increase physical memory or swap space
#   Check if swap backing store is full
#   Decrease Java heap size (-Xmx/-Xms)
#   Decrease number of Java threads
#   Decrease Java thread stack sizes (-Xss)
#   Set larger code cache with -XX:ReservedCodeCacheSize=
# This output file may be truncated or incomplete.
#
#  Out of Memory Error (os_linux.cpp:2753), pid=5249, tid=0x00007f82c261f700
#
# JRE version:  (8.0_202-b44) (build )
# Java VM: OpenJDK 64-Bit Server VM (25.202-b44 mixed mode linux-amd64 compressed oops)
# Failed to write core dump. Core dumps have been disabled. To enable core dumping, try "ulimit -c unlimited" before starting Java again
#

---------------  T H R E A D  ---------------

Current thread (0x00007f82bc00a800):  JavaThread "Unknown thread" [_thread_in_vm, id=5250, stack(0x00007f82c2520000,0x00007f82c2620000)]

Stack: [0x00007f82c2520000,0x00007f82c2620000],  sp=0x00007f82c261e440,  free space=1017k
Native frames: (J=compiled Java code, j=interpreted, Vv=VM code, C=native code)
V  [libjvm.so+0xa4458e]  VMError::report_and_die()+0x14e
V  [libjvm.so+0x4dfff9]  report_vm_out_of_memory(char const*, int, unsigned long, VMErrorType, char const*)+0x99
V  [libjvm.so+0x8b4313]  os::Linux::commit_memory_impl(char*, unsigned long, bool)+0x113
V  [libjvm.so+0x8b4539]  os::pd_commit_memory(char*, unsigned long, unsigned long, bool)+0x29
V  [libjvm.so+0x8a95ca]  os::commit_memory(char*, unsigned long, unsigned long, bool)+0x2a
V  [libjvm.so+0x91906b]  PSVirtualSpace::expand_by(unsigned long)+0x6b
V  [libjvm.so+0x909659]  PSOldGen::initialize(ReservedSpace, unsigned long, char const*, int)+0xc9
V  [libjvm.so+0x2d224e]  AdjoiningGenerations::AdjoiningGenerations(ReservedSpace, GenerationSizer*, unsigned long)+0x38e
V  [libjvm.so+0x8d1197]  ParallelScavengeHeap::initialize()+0x1e7
V  [libjvm.so+0xa0efd1]  Universe::initialize_heap()+0x101
V  [libjvm.so+0xa10083]  universe_init()+0x33
V  [libjvm.so+0x60d435]  init_globals()+0x55
V  [libjvm.so+0x9f4aa7]  Threads::create_vm(JavaVMInitArgs*, bool*)+0x207
V  [libjvm.so+0x6723c4]  JNI_CreateJavaVM+0x74
C  [libjli.so+0x75f7]  JavaMain+0x87
C  [libpthread.so.0+0x74a4]  start_thread+0xc4


---------------  P R O C E S S  ---------------

Java Threads: ( => current thread )

Other Threads:

=>0x00007f82bc00a800 (exited) JavaThread "Unknown thread" [_thread_in_vm, id=5250, stack(0x00007f82c2520000,0x00007f82c2620000)]

VM state:not at safepoint (not fully initialized)

VM Mutex/Monitor currently owned by a thread: None

heap address: 0x0000000705e00000, size: 2978 MB, Compressed Oops mode: Non-zero based:0x0000000705dff000, Oop shift amount: 3
Narrow klass base: 0x0000000000000000, Narrow klass shift: 0

GC Heap History (0 events):
No events

Deoptimization events (0 events):
No events

Classes redefined (0 events):
No events

Internal exceptions (0 events):
No events

Events (0 events):
No events


Dynamic libraries:
00400000-00401000 r-xp 00000000 08:12 7341099                            /opt/PhpStorm-191.6707.66/jre64/bin/java
00600000-00601000 rw-p 00000000 08:12 7341099                            /opt/PhpStorm-191.6707.66/jre64/bin/java
00978000-00999000 rw-p 00000000 00:00 0                                  [heap]
70db80000-781f80000 ---p 00000000 00:00 0 
781f80000-785e00000 rw-p 00000000 00:00 0 
785e00000-7c0000000 ---p 00000000 00:00 0 
7f82aba89000-7f82abc15000 rw-p 00000000 00:00 0 
7f82abc15000-7f82abff5000 ---p 00000000 00:00 0 
7f82abff5000-7f82ac015000 rw-p 00000000 00:00 0 
7f82ac015000-7f82ac1e6000 ---p 00000000 00:00 0 
7f82ac1e6000-7f82ac1f1000 rw-p 00000000 00:00 0 
7f82ac1f1000-7f82ac5a7000 ---p 00000000 00:00 0 
7f82ac5a7000-7f82ac817000 rwxp 00000000 00:00 0 
7f82ac817000-7f82bb5a7000 ---p 00000000 00:00 0 
7f82bb5a7000-7f82bb5c2000 r-xp 00000000 08:12 7340996                    /opt/PhpStorm-191.6707.66/jre64/lib/amd64/libzip.so
7f82bb5c2000-7f82bb7c1000 ---p 0001b000 08:12 7340996                    /opt/PhpStorm-191.6707.66/jre64/lib/amd64/libzip.so
7f82bb7c1000-7f82bb7c2000 rw-p 0001a000 08:12 7340996                    /opt/PhpStorm-191.6707.66/jre64/lib/amd64/libzip.so
7f82bb7c2000-7f82bb7cc000 r-xp 00000000 08:12 2884951                    /lib/x86_64-linux-gnu/libnss_files-2.24.so
7f82bb7cc000-7f82bb9cc000 ---p 0000a000 08:12 2884951                    /lib/x86_64-linux-gnu/libnss_files-2.24.so
7f82bb9cc000-7f82bb9cd000 r--p 0000a000 08:12 2884951                    /lib/x86_64-linux-gnu/libnss_files-2.24.so
7f82bb9cd000-7f82bb9ce000 rw-p 0000b000 08:12 2884951                    /lib/x86_64-linux-gnu/libnss_files-2.24.so
7f82bb9ce000-7f82bb9d4000 rw-p 00000000 00:00 0 
7f82bb9d4000-7f82bb9df000 r-xp 00000000 08:12 2884953                    /lib/x86_64-linux-gnu/libnss_nis-2.24.so
7f82bb9df000-7f82bbbde000 ---p 0000b000 08:12 2884953                    /lib/x86_64-linux-gnu/libnss_nis-2.24.so
7f82bbbde000-7f82bbbdf000 r--p 0000a000 08:12 2884953                    /lib/x86_64-linux-gnu/libnss_nis-2.24.so
7f82bbbdf000-7f82bbbe0000 rw-p 0000b000 08:12 2884953                    /lib/x86_64-linux-gnu/libnss_nis-2.24.so
7f82bbbe0000-7f82bbbf4000 r-xp 00000000 08:12 2884948                    /lib/x86_64-linux-gnu/libnsl-2.24.so
7f82bbbf4000-7f82bbdf4000 ---p 00014000 08:12 2884948                    /lib/x86_64-linux-gnu/libnsl-2.24.so
7f82bbdf4000-7f82bbdf5000 r--p 00014000 08:12 2884948                    /lib/x86_64-linux-gnu/libnsl-2.24.so
7f82bbdf5000-7f82bbdf6000 rw-p 00015000 08:12 2884948                    /lib/x86_64-linux-gnu/libnsl-2.24.so
7f82bbdf6000-7f82bbdf8000 rw-p 00000000 00:00 0 
7f82bbdf8000-7f82bbdff000 r-xp 00000000 08:12 2884949                    /lib/x86_64-linux-gnu/libnss_compat-2.24.so
7f82bbdff000-7f82bbffe000 ---p 00007000 08:12 2884949                    /lib/x86_64-linux-gnu/libnss_compat-2.24.so
7f82bbffe000-7f82bbfff000 r--p 00006000 08:12 2884949                    /lib/x86_64-linux-gnu/libnss_compat-2.24.so
7f82bbfff000-7f82bc000000 rw-p 00007000 08:12 2884949                    /lib/x86_64-linux-gnu/libnss_compat-2.24.so
7f82bc000000-7f82bc035000 rw-p 00000000 00:00 0 
7f82bc035000-7f82c0000000 ---p 00000000 00:00 0 
7f82c00b3000-7f82c01a3000 rw-p 00000000 00:00 0 
7f82c01a3000-7f82c01cd000 r-xp 00000000 08:12 7340966                    /opt/PhpStorm-191.6707.66/jre64/lib/amd64/libjava.so
7f82c01cd000-7f82c03cc000 ---p 0002a000 08:12 7340966                    /opt/PhpStorm-191.6707.66/jre64/lib/amd64/libjava.so
7f82c03cc000-7f82c03ce000 rw-p 00029000 08:12 7340966                    /opt/PhpStorm-191.6707.66/jre64/lib/amd64/libjava.so
7f82c03ce000-7f82c03dd000 r-xp 00000000 08:12 7340995                    /opt/PhpStorm-191.6707.66/jre64/lib/amd64/libverify.so
7f82c03dd000-7f82c05dc000 ---p 0000f000 08:12 7340995                    /opt/PhpStorm-191.6707.66/jre64/lib/amd64/libverify.so
7f82c05dc000-7f82c05de000 rw-p 0000e000 08:12 7340995                    /opt/PhpStorm-191.6707.66/jre64/lib/amd64/libverify.so
7f82c05de000-7f82c05e5000 r-xp 00000000 08:12 2884958                    /lib/x86_64-linux-gnu/librt-2.24.so
7f82c05e5000-7f82c07e4000 ---p 00007000 08:12 2884958                    /lib/x86_64-linux-gnu/librt-2.24.so
7f82c07e4000-7f82c07e5000 r--p 00006000 08:12 2884958                    /lib/x86_64-linux-gnu/librt-2.24.so
7f82c07e5000-7f82c07e6000 rw-p 00007000 08:12 2884958                    /lib/x86_64-linux-gnu/librt-2.24.so
7f82c07e6000-7f82c08e9000 r-xp 00000000 08:12 2884945                    /lib/x86_64-linux-gnu/libm-2.24.so
7f82c08e9000-7f82c0ae8000 ---p 00103000 08:12 2884945                    /lib/x86_64-linux-gnu/libm-2.24.so
7f82c0ae8000-7f82c0ae9000 r--p 00102000 08:12 2884945                    /lib/x86_64-linux-gnu/libm-2.24.so
7f82c0ae9000-7f82c0aea000 rw-p 00103000 08:12 2884945                    /lib/x86_64-linux-gnu/libm-2.24.so
7f82c0aea000-7f82c1739000 r-xp 00000000 08:12 7341000                    /opt/PhpStorm-191.6707.66/jre64/lib/amd64/server/libjvm.so
7f82c1739000-7f82c1939000 ---p 00c4f000 08:12 7341000                    /opt/PhpStorm-191.6707.66/jre64/lib/amd64/server/libjvm.so
7f82c1939000-7f82c1a09000 rw-p 00c4f000 08:12 7341000                    /opt/PhpStorm-191.6707.66/jre64/lib/amd64/server/libjvm.so
7f82c1a09000-7f82c1a4b000 rw-p 00000000 00:00 0 
7f82c1a4b000-7f82c1be0000 r-xp 00000000 08:12 2884941                    /lib/x86_64-linux-gnu/libc-2.24.so
7f82c1be0000-7f82c1de0000 ---p 00195000 08:12 2884941                    /lib/x86_64-linux-gnu/libc-2.24.so
7f82c1de0000-7f82c1de4000 r--p 00195000 08:12 2884941                    /lib/x86_64-linux-gnu/libc-2.24.so
7f82c1de4000-7f82c1de6000 rw-p 00199000 08:12 2884941                    /lib/x86_64-linux-gnu/libc-2.24.so
7f82c1de6000-7f82c1dea000 rw-p 00000000 00:00 0 
7f82c1dea000-7f82c1ded000 r-xp 00000000 08:12 2884944                    /lib/x86_64-linux-gnu/libdl-2.24.so
7f82c1ded000-7f82c1fec000 ---p 00003000 08:12 2884944                    /lib/x86_64-linux-gnu/libdl-2.24.so
7f82c1fec000-7f82c1fed000 r--p 00002000 08:12 2884944                    /lib/x86_64-linux-gnu/libdl-2.24.so
7f82c1fed000-7f82c1fee000 rw-p 00003000 08:12 2884944                    /lib/x86_64-linux-gnu/libdl-2.24.so
7f82c1fee000-7f82c2003000 r-xp 00000000 08:12 7340947                    /opt/PhpStorm-191.6707.66/jre64/lib/amd64/jli/libjli.so
7f82c2003000-7f82c2203000 ---p 00015000 08:12 7340947                    /opt/PhpStorm-191.6707.66/jre64/lib/amd64/jli/libjli.so
7f82c2203000-7f82c2204000 rw-p 00015000 08:12 7340947                    /opt/PhpStorm-191.6707.66/jre64/lib/amd64/jli/libjli.so
7f82c2204000-7f82c221c000 r-xp 00000000 08:12 2884956                    /lib/x86_64-linux-gnu/libpthread-2.24.so
7f82c221c000-7f82c241b000 ---p 00018000 08:12 2884956                    /lib/x86_64-linux-gnu/libpthread-2.24.so
7f82c241b000-7f82c241c000 r--p 00017000 08:12 2884956                    /lib/x86_64-linux-gnu/libpthread-2.24.so
7f82c241c000-7f82c241d000 rw-p 00018000 08:12 2884956                    /lib/x86_64-linux-gnu/libpthread-2.24.so
7f82c241d000-7f82c2421000 rw-p 00000000 00:00 0 
7f82c2421000-7f82c2444000 r-xp 00000000 08:12 2884937                    /lib/x86_64-linux-gnu/ld-2.24.so
7f82c251f000-7f82c2520000 ---p 00000000 00:00 0 
7f82c2520000-7f82c2523000 ---p 00000000 00:00 0 
7f82c2523000-7f82c2624000 rw-p 00000000 00:00 0 
7f82c263a000-7f82c2642000 rw-s 00000000 08:12 4327571                    /tmp/hsperfdata_armando/5249
7f82c2642000-7f82c2643000 rw-p 00000000 00:00 0 
7f82c2643000-7f82c2644000 r--p 00000000 00:00 0 
7f82c2644000-7f82c2645000 r--p 00023000 08:12 2884937                    /lib/x86_64-linux-gnu/ld-2.24.so
7f82c2645000-7f82c2646000 rw-p 00024000 08:12 2884937                    /lib/x86_64-linux-gnu/ld-2.24.so
7f82c2646000-7f82c2647000 rw-p 00000000 00:00 0 
7ffd42d7a000-7ffd42d9b000 rw-p 00000000 00:00 0                          [stack]
7ffd42dc0000-7ffd42dc2000 r--p 00000000 00:00 0                          [vvar]
7ffd42dc2000-7ffd42dc4000 r-xp 00000000 00:00 0                          [vdso]
ffffffffff600000-ffffffffff601000 r-xp 00000000 00:00 0                  [vsyscall]

VM Arguments:
java_command: org.jetbrains.git4idea.http.GitAskPassApp Password for 'https://alemos5@bitbucket.org': 
java_class_path (initial): /opt/PhpStorm-191.6707.66/plugins/git4idea/lib/git4idea-rt.jar:/opt/PhpStorm-191.6707.66/lib/xmlrpc-2.0.1.jar:/opt/PhpStorm-191.6707.66/lib/commons-codec-1.10.jar:/opt/PhpStorm-191.6707.66/lib/util.jar
Launcher Type: SUN_STANDARD

Environment Variables:
PATH=/usr/lib/git-core:/usr/local/bin:/usr/bin:/bin:/usr/local/games:/usr/games:/usr/local/sbin:/usr/sbin:/sbin
SHELL=/usr/bin/zsh
DISPLAY=:0

Signal Handlers:
SIGSEGV: [libjvm.so+0xa44f70], sa_mask[0]=11111111011111111101111111111110, sa_flags=SA_RESTART|SA_SIGINFO
SIGBUS: [libjvm.so+0xa44f70], sa_mask[0]=11111111011111111101111111111110, sa_flags=SA_RESTART|SA_SIGINFO
SIGFPE: [libjvm.so+0x8add30], sa_mask[0]=11111111011111111101111111111110, sa_flags=SA_RESTART|SA_SIGINFO
SIGPIPE: [libjvm.so+0x8add30], sa_mask[0]=11111111011111111101111111111110, sa_flags=SA_RESTART|SA_SIGINFO
SIGXFSZ: [libjvm.so+0x8add30], sa_mask[0]=11111111011111111101111111111110, sa_flags=SA_RESTART|SA_SIGINFO
SIGILL: [libjvm.so+0x8add30], sa_mask[0]=11111111011111111101111111111110, sa_flags=SA_RESTART|SA_SIGINFO
SIGUSR1: SIG_DFL, sa_mask[0]=00000000000000000000000000000000, sa_flags=none
SIGUSR2: [libjvm.so+0x8af430], sa_mask[0]=00100000000000000000000000000000, sa_flags=SA_RESTART|SA_SIGINFO
SIGHUP: SIG_DFL, sa_mask[0]=00000000000000000000000000000000, sa_flags=none
SIGINT: SIG_DFL, sa_mask[0]=00000000000000000000000000000000, sa_flags=none
SIGTERM: SIG_DFL, sa_mask[0]=00000000000000000000000000000000, sa_flags=none
SIGQUIT: SIG_DFL, sa_mask[0]=00000000000000000000000000000000, sa_flags=none


---------------  S Y S T E M  ---------------

OS:DISTRIB_ID=LinuxMint
DISTRIB_RELEASE=3
DISTRIB_CODENAME=cindy
DISTRIB_DESCRIPTION="LMDE 3 Cindy"
uname:Linux 4.9.0-11-amd64 #1 SMP Debian 4.9.189-3+deb9u1 (2019-09-20) x86_64
libc:glibc 2.24 NPTL 2.24 
rlimit: STACK 8192k, CORE 0k, NPROC 47234, NOFILE 1048576, AS infinity
load average:207.29 168.93 93.26

/proc/meminfo:
MemTotal:       12190956 kB
MemFree:          157524 kB
MemAvailable:      49332 kB
Buffers:            1356 kB
Cached:          1221768 kB
SwapCached:            0 kB
Active:         10372772 kB
Inactive:        1193356 kB
Active(anon):   10349636 kB
Inactive(anon):  1167928 kB
Active(file):      23136 kB
Inactive(file):    25428 kB
Unevictable:          80 kB
Mlocked:              80 kB
SwapTotal:             0 kB
SwapFree:              0 kB
Dirty:               280 kB
Writeback:             0 kB
AnonPages:      10343184 kB
Mapped:           632340 kB
Shmem:           1174460 kB
Slab:             152884 kB
SReclaimable:      47384 kB
SUnreclaim:       105500 kB
KernelStack:       27280 kB
PageTables:       138980 kB
NFS_Unstable:          0 kB
Bounce:                0 kB
WritebackTmp:          0 kB
CommitLimit:     6095476 kB
Committed_AS:   26555072 kB
VmallocTotal:   34359738367 kB
VmallocUsed:           0 kB
VmallocChunk:          0 kB
HardwareCorrupted:     0 kB
AnonHugePages:         0 kB
ShmemHugePages:        0 kB
ShmemPmdMapped:        0 kB
HugePages_Total:       0
HugePages_Free:        0
HugePages_Rsvd:        0
HugePages_Surp:        0
Hugepagesize:       2048 kB
DirectMap4k:      491124 kB
DirectMap2M:    11974656 kB
DirectMap1G:           0 kB

container (cgroup) information:
container_type: cgroupv1
cpu_cpuset_cpus: 0-3
cpu_memory_nodes: 0
active_processor_count: 4
cpu_quota: -1
cpu_period: 100000
cpu_shares: -1
memory_limit_in_bytes: -1
memory_and_swap_limit_in_bytes: -2
memory_soft_limit_in_bytes: -1
memory_usage_in_bytes: 11222745088
memory_max_usage_in_bytes: 11370881024


CPU:total 4 (initial active 4) (2 cores per cpu, 2 threads per core) family 6 model 142 stepping 9, cmov, cx8, fxsr, mmx, sse, sse2, sse3, ssse3, sse4.1, sse4.2, popcnt, avx, avx2, aes, clmul, erms, 3dnowpref, lzcnt, ht, tsc, tscinvbit, bmi1, bmi2, adx

/proc/cpuinfo:
processor	: 0
vendor_id	: GenuineIntel
cpu family	: 6
model		: 142
model name	: Intel(R) Core(TM) i7-7500U CPU @ 2.70GHz
stepping	: 9
microcode	: 0x5e
cpu MHz		: 3122.314
cache size	: 4096 KB
physical id	: 0
siblings	: 4
core id		: 0
cpu cores	: 2
apicid		: 0
initial apicid	: 0
fpu		: yes
fpu_exception	: yes
cpuid level	: 22
wp		: yes
flags		: fpu vme de pse tsc msr pae mce cx8 apic sep mtrr pge mca cmov pat pse36 clflush dts acpi mmx fxsr sse sse2 ss ht tm pbe syscall nx pdpe1gb rdtscp lm constant_tsc art arch_perfmon pebs bts rep_good nopl xtopology nonstop_tsc aperfmperf pni pclmulqdq dtes64 monitor ds_cpl vmx est tm2 ssse3 sdbg fma cx16 xtpr pdcm pcid sse4_1 sse4_2 x2apic movbe popcnt tsc_deadline_timer aes xsave avx f16c rdrand lahf_lm abm 3dnowprefetch epb invpcid_single kaiser tpr_shadow vnmi flexpriority ept vpid fsgsbase tsc_adjust bmi1 avx2 smep bmi2 erms invpcid mpx rdseed adx smap clflushopt intel_pt xsaveopt xsavec xgetbv1 xsaves dtherm ida arat pln pts hwp hwp_notify hwp_act_window hwp_epp
bugs		: cpu_meltdown spectre_v1 spectre_v2 spec_store_bypass l1tf mds swapgs
bogomips	: 5808.00
clflush size	: 64
cache_alignment	: 64
address sizes	: 39 bits physical, 48 bits virtual
power management:

processor	: 1
vendor_id	: GenuineIntel
cpu family	: 6
model		: 142
model name	: Intel(R) Core(TM) i7-7500U CPU @ 2.70GHz
stepping	: 9
microcode	: 0x5e
cpu MHz		: 3227.984
cache size	: 4096 KB
physical id	: 0
siblings	: 4
core id		: 1
cpu cores	: 2
apicid		: 2
initial apicid	: 2
fpu		: yes
fpu_exception	: yes
cpuid level	: 22
wp		: yes
flags		: fpu vme de pse tsc msr pae mce cx8 apic sep mtrr pge mca cmov pat pse36 clflush dts acpi mmx fxsr sse sse2 ss ht tm pbe syscall nx pdpe1gb rdtscp lm constant_tsc art arch_perfmon pebs bts rep_good nopl xtopology nonstop_tsc aperfmperf pni pclmulqdq dtes64 monitor ds_cpl vmx est tm2 ssse3 sdbg fma cx16 xtpr pdcm pcid sse4_1 sse4_2 x2apic movbe popcnt tsc_deadline_timer aes xsave avx f16c rdrand lahf_lm abm 3dnowprefetch epb invpcid_single kaiser tpr_shadow vnmi flexpriority ept vpid fsgsbase tsc_adjust bmi1 avx2 smep bmi2 erms invpcid mpx rdseed adx smap clflushopt intel_pt xsaveopt xsavec xgetbv1 xsaves dtherm ida arat pln pts hwp hwp_notify hwp_act_window hwp_epp
bugs		: cpu_meltdown spectre_v1 spectre_v2 spec_store_bypass l1tf mds swapgs
bogomips	: 5808.00
clflush size	: 64
cache_alignment	: 64
address sizes	: 39 bits physical, 48 bits virtual
power management:

processor	: 2
vendor_id	: GenuineIntel
cpu family	: 6
model		: 142
model name	: Intel(R) Core(TM) i7-7500U CPU @ 2.70GHz
stepping	: 9
microcode	: 0x5e
cpu MHz		: 3294.537
cache size	: 4096 KB
physical id	: 0
siblings	: 4
core id		: 0
cpu cores	: 2
apicid		: 1
initial apicid	: 1
fpu		: yes
fpu_exception	: yes
cpuid level	: 22
wp		: yes
flags		: fpu vme de pse tsc msr pae mce cx8 apic sep mtrr pge mca cmov pat pse36 clflush dts acpi mmx fxsr sse sse2 ss ht tm pbe syscall nx pdpe1gb rdtscp lm constant_tsc art arch_perfmon pebs bts rep_good nopl xtopology nonstop_tsc aperfmperf pni pclmulqdq dtes64 monitor ds_cpl vmx est tm2 ssse3 sdbg fma cx16 xtpr pdcm pcid sse4_1 sse4_2 x2apic movbe popcnt tsc_deadline_timer aes xsave avx f16c rdrand lahf_lm abm 3dnowprefetch epb invpcid_single kaiser tpr_shadow vnmi flexpriority ept vpid fsgsbase tsc_adjust bmi1 avx2 smep bmi2 erms invpcid mpx rdseed adx smap clflushopt intel_pt xsaveopt xsavec xgetbv1 xsaves dtherm ida arat pln pts hwp hwp_notify hwp_act_window hwp_epp
bugs		: cpu_meltdown spectre_v1 spectre_v2 spec_store_bypass l1tf mds swapgs
bogomips	: 5808.00
clflush size	: 64
cache_alignment	: 64
address sizes	: 39 bits physical, 48 bits virtual
power management:

processor	: 3
vendor_id	: GenuineIntel
cpu family	: 6
model		: 142
model name	: Intel(R) Core(TM) i7-7500U CPU @ 2.70GHz
stepping	: 9
microcode	: 0x5e
cpu MHz		: 2550.067
cache size	: 4096 KB
physical id	: 0
siblings	: 4
core id		: 1
cpu cores	: 2
apicid		: 3
initial apicid	: 3
fpu		: yes
fpu_exception	: yes
cpuid level	: 22
wp		: yes
flags		: fpu vme de pse tsc msr pae mce cx8 apic sep mtrr pge mca cmov pat pse36 clflush dts acpi mmx fxsr sse sse2 ss ht tm pbe syscall nx pdpe1gb rdtscp lm constant_tsc art arch_perfmon pebs bts rep_good nopl xtopology nonstop_tsc aperfmperf pni pclmulqdq dtes64 monitor ds_cpl vmx est tm2 ssse3 sdbg fma cx16 xtpr pdcm pcid sse4_1 sse4_2 x2apic movbe popcnt tsc_deadline_timer aes xsave avx f16c rdrand lahf_lm abm 3dnowprefetch epb invpcid_single kaiser tpr_shadow vnmi flexpriority ept vpid fsgsbase tsc_adjust bmi1 avx2 smep bmi2 erms invpcid mpx rdseed adx smap clflushopt intel_pt xsaveopt xsavec xgetbv1 xsaves dtherm ida arat pln pts hwp hwp_notify hwp_act_window hwp_epp
bugs		: cpu_meltdown spectre_v1 spectre_v2 spec_store_bypass l1tf mds swapgs
bogomips	: 5808.00
clflush size	: 64
cache_alignment	: 64
address sizes	: 39 bits physical, 48 bits virtual
power management:



Memory: 4k page, physical 12190956k(146364k free), swap 0k(0k free)

vm_info: OpenJDK 64-Bit Server VM (25.202-b44) for linux-amd64 JRE (1.8.0_202-release-1483-b44), built on Mar 29 2019 14:51:12 by "root" with gcc 4.4.7 20120313 (Red Hat 4.4.7-16)

time: Wed Jan 15 21:15:55 2020
timezone: -03
elapsed time: 0 seconds (0d 0h 0m 0s)

